<?xml version="1.0" encoding="UTF-8"?>
<testsuite xmlns:xsi="http://www.w3.org/2001/XMLSchema-instance" xsi:noNamespaceSchemaLocation="https://maven.apache.org/surefire/maven-surefire-plugin/xsd/surefire-test-report.xsd" name="runner.TestRunner" time="97.067" tests="18" errors="0" skipped="0" failures="0">
  <properties>
    <property name="sun.desktop" value="windows"/>
    <property name="awt.toolkit" value="sun.awt.windows.WToolkit"/>
    <property name="file.encoding.pkg" value="sun.io"/>
    <property name="java.specification.version" value="1.8"/>
    <property name="sun.cpu.isalist" value="amd64"/>
    <property name="sun.jnu.encoding" value="Cp1252"/>
    <property name="java.class.path" value="C:\Users\AnushaBoppudi\Documents\workspace-sts-3.9.4.RELEASE\com.hbform.cucumber\target\test-classes;C:\Users\AnushaBoppudi\Documents\workspace-sts-3.9.4.RELEASE\com.hbform.cucumber\target\classes;C:\Users\AnushaBoppudi\.m2\repository\org\seleniumhq\selenium\selenium-java\3.12.0\selenium-java-3.12.0.jar;C:\Users\AnushaBoppudi\.m2\repository\org\seleniumhq\selenium\selenium-api\3.12.0\selenium-api-3.12.0.jar;C:\Users\AnushaBoppudi\.m2\repository\org\seleniumhq\selenium\selenium-chrome-driver\3.12.0\selenium-chrome-driver-3.12.0.jar;C:\Users\AnushaBoppudi\.m2\repository\org\seleniumhq\selenium\selenium-edge-driver\3.12.0\selenium-edge-driver-3.12.0.jar;C:\Users\AnushaBoppudi\.m2\repository\org\seleniumhq\selenium\selenium-firefox-driver\3.12.0\selenium-firefox-driver-3.12.0.jar;C:\Users\AnushaBoppudi\.m2\repository\org\seleniumhq\selenium\selenium-ie-driver\3.12.0\selenium-ie-driver-3.12.0.jar;C:\Users\AnushaBoppudi\.m2\repository\org\seleniumhq\selenium\selenium-opera-driver\3.12.0\selenium-opera-driver-3.12.0.jar;C:\Users\AnushaBoppudi\.m2\repository\org\seleniumhq\selenium\selenium-remote-driver\3.12.0\selenium-remote-driver-3.12.0.jar;C:\Users\AnushaBoppudi\.m2\repository\org\seleniumhq\selenium\selenium-safari-driver\3.12.0\selenium-safari-driver-3.12.0.jar;C:\Users\AnushaBoppudi\.m2\repository\org\seleniumhq\selenium\selenium-support\3.12.0\selenium-support-3.12.0.jar;C:\Users\AnushaBoppudi\.m2\repository\net\bytebuddy\byte-buddy\1.8.3\byte-buddy-1.8.3.jar;C:\Users\AnushaBoppudi\.m2\repository\org\apache\commons\commons-exec\1.3\commons-exec-1.3.jar;C:\Users\AnushaBoppudi\.m2\repository\commons-codec\commons-codec\1.10\commons-codec-1.10.jar;C:\Users\AnushaBoppudi\.m2\repository\commons-logging\commons-logging\1.2\commons-logging-1.2.jar;C:\Users\AnushaBoppudi\.m2\repository\com\google\code\gson\gson\2.8.2\gson-2.8.2.jar;C:\Users\AnushaBoppudi\.m2\repository\com\google\guava\guava\23.6-jre\guava-23.6-jre.jar;C:\Users\AnushaBoppudi\.m2\repository\com\google\code\findbugs\jsr305\1.3.9\jsr305-1.3.9.jar;C:\Users\AnushaBoppudi\.m2\repository\org\checkerframework\checker-compat-qual\2.0.0\checker-compat-qual-2.0.0.jar;C:\Users\AnushaBoppudi\.m2\repository\com\google\errorprone\error_prone_annotations\2.1.3\error_prone_annotations-2.1.3.jar;C:\Users\AnushaBoppudi\.m2\repository\com\google\j2objc\j2objc-annotations\1.1\j2objc-annotations-1.1.jar;C:\Users\AnushaBoppudi\.m2\repository\org\codehaus\mojo\animal-sniffer-annotations\1.14\animal-sniffer-annotations-1.14.jar;C:\Users\AnushaBoppudi\.m2\repository\org\apache\httpcomponents\httpclient\4.5.3\httpclient-4.5.3.jar;C:\Users\AnushaBoppudi\.m2\repository\org\apache\httpcomponents\httpcore\4.4.6\httpcore-4.4.6.jar;C:\Users\AnushaBoppudi\.m2\repository\com\squareup\okhttp3\okhttp\3.9.1\okhttp-3.9.1.jar;C:\Users\AnushaBoppudi\.m2\repository\com\squareup\okio\okio\1.13.0\okio-1.13.0.jar;C:\Users\AnushaBoppudi\.m2\repository\junit\junit\4.12\junit-4.12.jar;C:\Users\AnushaBoppudi\.m2\repository\org\hamcrest\hamcrest-core\1.3\hamcrest-core-1.3.jar;C:\Users\AnushaBoppudi\.m2\repository\info\cukes\cucumber-java\1.2.5\cucumber-java-1.2.5.jar;C:\Users\AnushaBoppudi\.m2\repository\info\cukes\cucumber-core\1.2.5\cucumber-core-1.2.5.jar;C:\Users\AnushaBoppudi\.m2\repository\info\cukes\cucumber-html\0.2.3\cucumber-html-0.2.3.jar;C:\Users\AnushaBoppudi\.m2\repository\info\cukes\cucumber-jvm-deps\1.0.5\cucumber-jvm-deps-1.0.5.jar;C:\Users\AnushaBoppudi\.m2\repository\info\cukes\gherkin\2.12.2\gherkin-2.12.2.jar;C:\Users\AnushaBoppudi\.m2\repository\info\cukes\cucumber-junit\1.2.5\cucumber-junit-1.2.5.jar;"/>
    <property name="java.vm.vendor" value="Oracle Corporation"/>
    <property name="sun.arch.data.model" value="64"/>
    <property name="user.variant" value=""/>
    <property name="java.vendor.url" value="http://java.oracle.com/"/>
    <property name="user.timezone" value=""/>
    <property name="java.vm.specification.version" value="1.8"/>
    <property name="os.name" value="Windows 10"/>
    <property name="user.country" value="GB"/>
    <property name="sun.java.launcher" value="SUN_STANDARD"/>
    <property name="sun.boot.library.path" value="C:\Program Files\Java\jdk1.8.0_161\jre\bin"/>
    <property name="sun.java.command" value="C:\Users\ANUSHA~1\AppData\Local\Temp\surefire6087758747981790915\surefirebooter7652929383512568539.jar C:\Users\AnushaBoppudi\AppData\Local\Temp\surefire6087758747981790915 2018-06-06T01-06-10_887-jvmRun1 surefire3205714202335633036tmp surefire_07866997526179176606tmp"/>
    <property name="surefire.test.class.path" value="C:\Users\AnushaBoppudi\Documents\workspace-sts-3.9.4.RELEASE\com.hbform.cucumber\target\test-classes;C:\Users\AnushaBoppudi\Documents\workspace-sts-3.9.4.RELEASE\com.hbform.cucumber\target\classes;C:\Users\AnushaBoppudi\.m2\repository\org\seleniumhq\selenium\selenium-java\3.12.0\selenium-java-3.12.0.jar;C:\Users\AnushaBoppudi\.m2\repository\org\seleniumhq\selenium\selenium-api\3.12.0\selenium-api-3.12.0.jar;C:\Users\AnushaBoppudi\.m2\repository\org\seleniumhq\selenium\selenium-chrome-driver\3.12.0\selenium-chrome-driver-3.12.0.jar;C:\Users\AnushaBoppudi\.m2\repository\org\seleniumhq\selenium\selenium-edge-driver\3.12.0\selenium-edge-driver-3.12.0.jar;C:\Users\AnushaBoppudi\.m2\repository\org\seleniumhq\selenium\selenium-firefox-driver\3.12.0\selenium-firefox-driver-3.12.0.jar;C:\Users\AnushaBoppudi\.m2\repository\org\seleniumhq\selenium\selenium-ie-driver\3.12.0\selenium-ie-driver-3.12.0.jar;C:\Users\AnushaBoppudi\.m2\repository\org\seleniumhq\selenium\selenium-opera-driver\3.12.0\selenium-opera-driver-3.12.0.jar;C:\Users\AnushaBoppudi\.m2\repository\org\seleniumhq\selenium\selenium-remote-driver\3.12.0\selenium-remote-driver-3.12.0.jar;C:\Users\AnushaBoppudi\.m2\repository\org\seleniumhq\selenium\selenium-safari-driver\3.12.0\selenium-safari-driver-3.12.0.jar;C:\Users\AnushaBoppudi\.m2\repository\org\seleniumhq\selenium\selenium-support\3.12.0\selenium-support-3.12.0.jar;C:\Users\AnushaBoppudi\.m2\repository\net\bytebuddy\byte-buddy\1.8.3\byte-buddy-1.8.3.jar;C:\Users\AnushaBoppudi\.m2\repository\org\apache\commons\commons-exec\1.3\commons-exec-1.3.jar;C:\Users\AnushaBoppudi\.m2\repository\commons-codec\commons-codec\1.10\commons-codec-1.10.jar;C:\Users\AnushaBoppudi\.m2\repository\commons-logging\commons-logging\1.2\commons-logging-1.2.jar;C:\Users\AnushaBoppudi\.m2\repository\com\google\code\gson\gson\2.8.2\gson-2.8.2.jar;C:\Users\AnushaBoppudi\.m2\repository\com\google\guava\guava\23.6-jre\guava-23.6-jre.jar;C:\Users\AnushaBoppudi\.m2\repository\com\google\code\findbugs\jsr305\1.3.9\jsr305-1.3.9.jar;C:\Users\AnushaBoppudi\.m2\repository\org\checkerframework\checker-compat-qual\2.0.0\checker-compat-qual-2.0.0.jar;C:\Users\AnushaBoppudi\.m2\repository\com\google\errorprone\error_prone_annotations\2.1.3\error_prone_annotations-2.1.3.jar;C:\Users\AnushaBoppudi\.m2\repository\com\google\j2objc\j2objc-annotations\1.1\j2objc-annotations-1.1.jar;C:\Users\AnushaBoppudi\.m2\repository\org\codehaus\mojo\animal-sniffer-annotations\1.14\animal-sniffer-annotations-1.14.jar;C:\Users\AnushaBoppudi\.m2\repository\org\apache\httpcomponents\httpclient\4.5.3\httpclient-4.5.3.jar;C:\Users\AnushaBoppudi\.m2\repository\org\apache\httpcomponents\httpcore\4.4.6\httpcore-4.4.6.jar;C:\Users\AnushaBoppudi\.m2\repository\com\squareup\okhttp3\okhttp\3.9.1\okhttp-3.9.1.jar;C:\Users\AnushaBoppudi\.m2\repository\com\squareup\okio\okio\1.13.0\okio-1.13.0.jar;C:\Users\AnushaBoppudi\.m2\repository\junit\junit\4.12\junit-4.12.jar;C:\Users\AnushaBoppudi\.m2\repository\org\hamcrest\hamcrest-core\1.3\hamcrest-core-1.3.jar;C:\Users\AnushaBoppudi\.m2\repository\info\cukes\cucumber-java\1.2.5\cucumber-java-1.2.5.jar;C:\Users\AnushaBoppudi\.m2\repository\info\cukes\cucumber-core\1.2.5\cucumber-core-1.2.5.jar;C:\Users\AnushaBoppudi\.m2\repository\info\cukes\cucumber-html\0.2.3\cucumber-html-0.2.3.jar;C:\Users\AnushaBoppudi\.m2\repository\info\cukes\cucumber-jvm-deps\1.0.5\cucumber-jvm-deps-1.0.5.jar;C:\Users\AnushaBoppudi\.m2\repository\info\cukes\gherkin\2.12.2\gherkin-2.12.2.jar;C:\Users\AnushaBoppudi\.m2\repository\info\cukes\cucumber-junit\1.2.5\cucumber-junit-1.2.5.jar;"/>
    <property name="sun.cpu.endian" value="little"/>
    <property name="user.home" value="C:\Users\AnushaBoppudi"/>
    <property name="user.language" value="en"/>
    <property name="java.specification.vendor" value="Oracle Corporation"/>
    <property name="java.home" value="C:\Program Files\Java\jdk1.8.0_161\jre"/>
    <property name="basedir" value="C:\Users\AnushaBoppudi\Documents\workspace-sts-3.9.4.RELEASE\com.hbform.cucumber"/>
    <property name="file.separator" value="\"/>
    <property name="line.separator" value="&#10;"/>
    <property name="java.vm.specification.vendor" value="Oracle Corporation"/>
    <property name="java.specification.name" value="Java Platform API Specification"/>
    <property name="java.awt.graphicsenv" value="sun.awt.Win32GraphicsEnvironment"/>
    <property name="surefire.real.class.path" value="C:\Users\ANUSHA~1\AppData\Local\Temp\surefire6087758747981790915\surefirebooter7652929383512568539.jar"/>
    <property name="sun.boot.class.path" value="C:\Program Files\Java\jdk1.8.0_161\jre\lib\resources.jar;C:\Program Files\Java\jdk1.8.0_161\jre\lib\rt.jar;C:\Program Files\Java\jdk1.8.0_161\jre\lib\sunrsasign.jar;C:\Program Files\Java\jdk1.8.0_161\jre\lib\jsse.jar;C:\Program Files\Java\jdk1.8.0_161\jre\lib\jce.jar;C:\Program Files\Java\jdk1.8.0_161\jre\lib\charsets.jar;C:\Program Files\Java\jdk1.8.0_161\jre\lib\jfr.jar;C:\Program Files\Java\jdk1.8.0_161\jre\classes"/>
    <property name="user.script" value=""/>
    <property name="sun.management.compiler" value="HotSpot 64-Bit Tiered Compilers"/>
    <property name="java.runtime.version" value="1.8.0_161-b12"/>
    <property name="user.name" value="AnushaBoppudi"/>
    <property name="path.separator" value=";"/>
    <property name="os.version" value="10.0"/>
    <property name="java.endorsed.dirs" value="C:\Program Files\Java\jdk1.8.0_161\jre\lib\endorsed"/>
    <property name="java.runtime.name" value="Java(TM) SE Runtime Environment"/>
    <property name="file.encoding" value="Cp1252"/>
    <property name="java.vm.name" value="Java HotSpot(TM) 64-Bit Server VM"/>
    <property name="localRepository" value="C:\Users\AnushaBoppudi\.m2\repository"/>
    <property name="java.vendor.url.bug" value="http://bugreport.sun.com/bugreport/"/>
    <property name="java.io.tmpdir" value="C:\Users\ANUSHA~1\AppData\Local\Temp\"/>
    <property name="java.version" value="1.8.0_161"/>
    <property name="user.dir" value="C:\Users\AnushaBoppudi\Documents\workspace-sts-3.9.4.RELEASE\com.hbform.cucumber"/>
    <property name="os.arch" value="amd64"/>
    <property name="java.vm.specification.name" value="Java Virtual Machine Specification"/>
    <property name="java.awt.printerjob" value="sun.awt.windows.WPrinterJob"/>
    <property name="sun.os.patch.level" value=""/>
    <property name="java.library.path" value="C:\Program Files\Java\jdk1.8.0_161\jre\bin;C:\Windows\Sun\Java\bin;C:\Windows\system32;C:\Windows;C:/Program Files/Java/jre1.8.0_171/bin/server;C:/Program Files/Java/jre1.8.0_171/bin;C:/Program Files/Java/jre1.8.0_171/lib/amd64;C:\Program Files (x86)\Common Files\Oracle\Java\javapath;C:\Windows\system32;C:\Windows;C:\Windows\System32\Wbem;C:\Windows\System32\WindowsPowerShell\v1.0\;C:\Program Files\Microsoft SQL Server\120\Tools\Binn\;C:\Program Files\Microsoft SQL Server\130\Tools\Binn\;C:\ProgramData\chocolatey\bin;C:\Program Files\Amazon\AWSCLI\;C:\Program Files\dotnet\;C:\Program Files (x86)\Microsoft SQL Server\Client SDK\ODBC\130\Tools\Binn\;C:\Program Files (x86)\Microsoft SQL Server\140\Tools\Binn\;C:\Program Files (x86)\Microsoft SQL Server\140\DTS\Binn\;C:\Program Files (x86)\Microsoft SQL Server\140\Tools\Binn\ManagementStudio\;C:\Program Files\nodejs\;C:\geckodriver;C:\Program Files\Java\;C:\Selenium\Selenium3;C:\Users\AnushaBoppudi\AppData\Local\Microsoft\WindowsApps;C:\Users\AnushaBoppudi\AppData\Roaming\npm;C:\STS\sts-bundle\sts-3.9.4.RELEASE;;."/>
    <property name="java.vm.info" value="mixed mode"/>
    <property name="java.vendor" value="Oracle Corporation"/>
    <property name="java.vm.version" value="25.161-b12"/>
    <property name="java.ext.dirs" value="C:\Program Files\Java\jdk1.8.0_161\jre\lib\ext;C:\Windows\Sun\Java\lib\ext"/>
    <property name="sun.io.unicode.encoding" value="UnicodeLittle"/>
    <property name="java.class.version" value="52.0"/>
  </properties>
  <testcase name="Given I am on Hotel Booking Form" classname="| Anusha | Boppudi | 500 | 0 | 2018-06-03 | 2018-06-05 |" time="0.002"/>
  <testcase name="When I enter &quot;Anusha&quot;, &quot;Boppudi&quot;, &quot;500&quot;, &quot;0&quot;, &quot;2018-06-03&quot;, &quot;2018-06-05&quot;" classname="| Anusha | Boppudi | 500 | 0 | 2018-06-03 | 2018-06-05 |" time="0"/>
  <testcase name="And click on save button" classname="| Anusha | Boppudi | 500 | 0 | 2018-06-03 | 2018-06-05 |" time="0"/>
  <testcase name="Then save deatils with delete button" classname="| Anusha | Boppudi | 500 | 0 | 2018-06-03 | 2018-06-05 |" time="0"/>
  <testcase name="| Anusha | Boppudi | 500 | 0 | 2018-06-03 | 2018-06-05 |" classname="| Anusha | Boppudi | 500 | 0 | 2018-06-03 | 2018-06-05 |" time="0"/>
  <testcase name="Given I am on Hotel Booking Form" classname="| Anu | B | 120 | 1 | 2018-06-05 | 2018-06-07 |" time="0"/>
  <testcase name="When I enter &quot;Anu&quot;, &quot;B&quot;, &quot;120&quot;, &quot;1&quot;, &quot;2018-06-05&quot;, &quot;2018-06-07&quot;" classname="| Anu | B | 120 | 1 | 2018-06-05 | 2018-06-07 |" time="0"/>
  <testcase name="And click on save button" classname="| Anu | B | 120 | 1 | 2018-06-05 | 2018-06-07 |" time="0"/>
  <testcase name="Then save deatils with delete button" classname="| Anu | B | 120 | 1 | 2018-06-05 | 2018-06-07 |" time="0"/>
  <testcase name="| Anu | B | 120 | 1 | 2018-06-05 | 2018-06-07 |" classname="| Anu | B | 120 | 1 | 2018-06-05 | 2018-06-07 |" time="0"/>
  <testcase name="Given I launched URL on browser" classname="Scenario: Launch Hotel Booking Form" time="0"/>
  <testcase name="When I check header of the page" classname="Scenario: Launch Hotel Booking Form" time="0"/>
  <testcase name="Then I see header name as Hotel booking form" classname="Scenario: Launch Hotel Booking Form" time="0"/>
  <testcase name="Scenario: Launch Hotel Booking Form" classname="Scenario: Launch Hotel Booking Form" time="0.001"/>
  <testcase name="Given I am on hotel booking form page" classname="Scenario: Delete Hotel Booking record" time="0"/>
  <testcase name="When I click on delete button of existing record" classname="Scenario: Delete Hotel Booking record" time="0"/>
  <testcase name="Then I see record has deleted" classname="Scenario: Delete Hotel Booking record" time="0"/>
  <testcase name="Scenario: Delete Hotel Booking record" classname="Scenario: Delete Hotel Booking record" time="0.001"/>
</testsuite>